{
  "RSpec": {
    "coverage": {
      "/home/tuliotm/jetRockets/PostsApi/config/environment.rb": {
        "lines": [
          null,
          null,
          null,
          1,
          null,
          null,
          1
        ]
      },
      "/home/tuliotm/jetRockets/PostsApi/config/application.rb": {
        "lines": [
          null,
          null,
          1,
          null,
          1,
          null,
          1,
          1,
          1,
          1,
          1,
          1,
          1,
          1,
          1,
          1,
          null,
          null,
          null,
          null,
          1,
          null,
          1,
          1,
          null,
          1,
          null,
          null,
          null,
          null,
          1,
          null,
          null,
          null,
          null,
          null,
          null,
          null,
          null,
          null,
          null,
          null,
          null,
          1,
          null,
          null
        ]
      },
      "/home/tuliotm/jetRockets/PostsApi/config/boot.rb": {
        "lines": [
          null,
          null,
          1,
          null,
          1,
          1
        ]
      },
      "/home/tuliotm/jetRockets/PostsApi/config/environments/test.rb": {
        "lines": [
          null,
          null,
          1,
          null,
          null,
          null,
          null,
          null,
          null,
          1,
          null,
          null,
          null,
          1,
          null,
          null,
          null,
          null,
          null,
          1,
          null,
          null,
          1,
          1,
          null,
          null,
          null,
          null,
          1,
          1,
          1,
          null,
          null,
          1,
          null,
          null,
          1,
          null,
          null,
          1,
          null,
          1,
          null,
          null,
          null,
          null,
          1,
          null,
          null,
          1,
          null,
          null,
          1,
          null,
          null,
          1,
          null,
          null,
          null,
          null,
          null,
          null,
          null,
          null,
          1,
          null
        ]
      },
      "/home/tuliotm/jetRockets/PostsApi/config/initializers/cors.rb": {
        "lines": [
          null,
          null,
          null,
          null,
          null,
          null,
          null,
          null,
          null,
          null,
          null,
          null,
          null,
          null,
          null,
          null,
          null,
          null
        ]
      },
      "/home/tuliotm/jetRockets/PostsApi/config/initializers/filter_parameter_logging.rb": {
        "lines": [
          null,
          null,
          null,
          null,
          null,
          null,
          null,
          1,
          null,
          null
        ]
      },
      "/home/tuliotm/jetRockets/PostsApi/config/initializers/inflections.rb": {
        "lines": [
          null,
          null,
          null,
          null,
          null,
          null,
          null,
          null,
          null,
          null,
          null,
          null,
          null,
          null,
          null,
          null,
          null,
          null
        ]
      },
      "/home/tuliotm/jetRockets/PostsApi/spec/factories/posts.rb": {
        "lines": [
          null,
          null,
          1,
          1,
          6,
          6,
          6,
          null,
          1,
          null,
          null
        ]
      },
      "/home/tuliotm/jetRockets/PostsApi/spec/factories/ratings.rb": {
        "lines": [
          null,
          null,
          1,
          1,
          6,
          null,
          1,
          1,
          null,
          null
        ]
      },
      "/home/tuliotm/jetRockets/PostsApi/spec/factories/users.rb": {
        "lines": [
          null,
          null,
          1,
          1,
          14,
          null,
          null
        ]
      },
      "/home/tuliotm/jetRockets/PostsApi/config/routes.rb": {
        "lines": [
          null,
          null,
          1,
          null,
          null,
          null,
          null,
          1,
          null,
          null,
          null,
          null
        ]
      },
      "/home/tuliotm/jetRockets/PostsApi/app/models/post.rb": {
        "lines": [
          null,
          null,
          1,
          null,
          1,
          1,
          null,
          null,
          1,
          1,
          1,
          null
        ]
      },
      "/home/tuliotm/jetRockets/PostsApi/app/models/application_record.rb": {
        "lines": [
          null,
          null,
          1,
          1,
          null
        ]
      },
      "/home/tuliotm/jetRockets/PostsApi/spec/models/rating_spec.rb": {
        "lines": [
          null,
          null,
          1,
          null,
          1,
          6,
          null,
          1,
          2,
          2,
          2,
          null,
          null,
          1,
          2,
          2,
          null,
          null
        ]
      },
      "/home/tuliotm/jetRockets/PostsApi/app/models/rating.rb": {
        "lines": [
          null,
          null,
          1,
          null,
          1,
          1,
          null,
          null,
          1,
          1,
          null
        ]
      },
      "/home/tuliotm/jetRockets/PostsApi/spec/models/user_spec.rb": {
        "lines": [
          null,
          null,
          1,
          null,
          1,
          4,
          null,
          1,
          2,
          2,
          null,
          null,
          1,
          2,
          null,
          null
        ]
      },
      "/home/tuliotm/jetRockets/PostsApi/app/models/user.rb": {
        "lines": [
          null,
          null,
          1,
          null,
          1,
          null,
          null,
          1,
          null
        ]
      }
    },
    "timestamp": 1714852854
  }
}
